<?xml version="1.0" encoding="UTF-8"?>
<testng-results skipped="0" failed="0" total="1" passed="1">
  <reporter-output>
  </reporter-output>
  <suite name="com.albpal.pocs.testng.AppTest" duration-ms="8964" started-at="2016-05-22T11:13:54Z" finished-at="2016-05-22T11:14:03Z">
    <groups>
    </groups>
    <test name="Command line test" duration-ms="8964" started-at="2016-05-22T11:13:54Z" finished-at="2016-05-22T11:14:03Z">
      <class name="com.albpal.pocs.testng.AppTest">
        <test-method status="PASS" signature="exampleOfTestNgMaven()[pri:0, instance:com.albpal.pocs.testng.AppTest@5d624da6]" name="exampleOfTestNgMaven" duration-ms="8952" started-at="2016-05-22T13:13:54Z" finished-at="2016-05-22T13:14:03Z">
          <reporter-output>
          </reporter-output>
        </test-method> <!-- exampleOfTestNgMaven -->
      </class> <!-- com.albpal.pocs.testng.AppTest -->
    </test> <!-- Command line test -->
  </suite> <!-- com.albpal.pocs.testng.AppTest -->
</testng-results>
